2013-12-29 15:56:19.421 HypeM[90800:80b] Multi-tasking -> Device: YES, App: YES
2013-12-29 15:56:19.430 HypeM[90800:80b] Unlimited access to network resources
2013-12-29 15:56:19.585 HypeM[90800:80b] Resetting plugins due to page load.
2013-12-29 15:56:19.714 HypeM[90800:80b] Finished load of: file:///Users/yamilasusta/Library/Application%20Support/iPhone%20Simulator/7.0.3/Applications/3428B56F-06DD-43D8-BC74-A9D8DC2D4B8B/HypeM.app/www/index.html#/
2013-12-29 16:17:58.746 HypeM[92861:80b] Multi-tasking -> Device: YES, App: YES
2013-12-29 16:17:58.755 HypeM[92861:80b] Unlimited access to network resources
2013-12-29 16:17:58.921 HypeM[92861:80b] Resetting plugins due to page load.
2013-12-29 16:17:59.043 HypeM[92861:80b] Finished load of: file:///Users/yamilasusta/Library/Application%20Support/iPhone%20Simulator/7.0.3/Applications/3428B56F-06DD-43D8-BC74-A9D8DC2D4B8B/HypeM.app/www/index.html#/
2013-12-31 17:52:23.325 HypeM[52265:80b] Multi-tasking -> Device: YES, App: YES
2013-12-31 17:52:23.353 HypeM[52265:80b] Unlimited access to network resources
2013-12-31 17:52:23.682 HypeM[52265:80b] Resetting plugins due to page load.
2013-12-31 17:52:24.116 HypeM[52265:80b] setting movie path: 
2013-12-31 17:52:24.204 HypeM[52265:80b] Finished load of: file:///Users/yamilasusta/Library/Application%20Support/iPhone%20Simulator/7.0.3/Applications/3428B56F-06DD-43D8-BC74-A9D8DC2D4B8B/HypeM.app/www/index.html#/
2013-12-31 17:52:25.875 HypeM[52265:80b] {"mediaid":"21dvb","artist":"Lorde","title":"Ribs (Ryan Hemsworth's Let’s Have A Sleepover Version)","dateposted":1388088892,"siteid":4436,"sitename":"Consequence of Sound","posturl":"http://consequenceofsound.net/2013/12/listen-ryan-hemsworth-remixes-beyonce-lorde-and-danny-brown/","postid":2382526,"loved_count":5005,"posted_count":6,"thumb_url":"http://static.hypem.net/thumbs_new/be/2382526.jpg","thumb_url_medium":"http://static.hypem.net/thumbs_new/be/2382526_120.jpg","thumb_url_large":"http://static.hypem.net/thumbs_new/be/2382526_320.jpg","thumb_url_artist":null,"time":199,"description":"Canadian producer Ryan Hemsworth’s 2013 could be broken up into two arcs: the beginning of the year was chock full of stellar remixes of Outkast, Backstreet Boys, and ASAP Rocky-Britney Spears, while the second focused on releasing his own music via his d","itunes_link":"http://hypem.com/go/itunes_search/Lorde","url":"http://api.soundcloud.com/tracks/126602145/stream?consumer_key=nH8p0jYOkoVEZgJukRlG6w"}
Terminating in response to SpringBoard's termination.
2013-12-31 18:19:46.915 HypeM[54004:80b] Multi-tasking -> Device: YES, App: YES
2013-12-31 18:19:46.924 HypeM[54004:80b] Unlimited access to network resources
2013-12-31 18:19:47.080 HypeM[54004:80b] Resetting plugins due to page load.
2013-12-31 18:19:47.347 HypeM[54004:80b] setting movie path: 
2013-12-31 18:19:47.521 HypeM[54004:80b] Finished load of: file:///Users/yamilasusta/Library/Application%20Support/iPhone%20Simulator/7.0.3/Applications/3428B56F-06DD-43D8-BC74-A9D8DC2D4B8B/HypeM.app/www/index.html#/
2013-12-31 18:19:48.511 HypeM[54004:80b] {"mediaid":"21dvb","artist":"Lorde","title":"Ribs (Ryan Hemsworth's Let’s Have A Sleepover Version)","dateposted":1388376006,"siteid":18926,"sitename":"When We Dip","posturl":"http://whenwedip.com/2013/12/lorde-ribs-ryan-hemsworths-lets-have-a-sleepover-version/","postid":2383295,"loved_count":5057,"posted_count":6,"thumb_url":"http://static.hypem.net/thumbs_new/8c/2383244.jpg","thumb_url_medium":"http://static.hypem.net/thumbs_new/8c/2383244_120.jpg","thumb_url_large":"http://static.hypem.net/thumbs_new/8c/2383244_320.jpg","thumb_url_artist":null,"time":199,"description":"","itunes_link":"http://hypem.com/go/itunes_search/Lorde","url":"http://api.soundcloud.com/tracks/126602145/stream?consumer_key=nH8p0jYOkoVEZgJukRlG6w"}
2013-12-31 18:19:48.998 HypeM[54004:80b] setting movie path: http://api.soundcloud.com/tracks/126602145/stream?consumer_key=nH8p0jYOkoVEZgJukRlG6w
2013-12-31 18:19:49.006 HypeM[54004:80b] setting movie path: 
2013-12-31 18:19:49.009 HypeM[54004:80b] setting movie path: http://api.soundcloud.com/tracks/126602145/stream?consumer_key=nH8p0jYOkoVEZgJukRlG6w
2013-12-31 18:35:26.953 HypeM[55329:80b] Multi-tasking -> Device: YES, App: YES
2013-12-31 18:35:26.962 HypeM[55329:80b] Unlimited access to network resources
2013-12-31 18:35:27.137 HypeM[55329:80b] Resetting plugins due to page load.
2013-12-31 18:35:27.377 HypeM[55329:80b] setting movie path: 
2013-12-31 18:35:27.471 HypeM[55329:80b] Finished load of: file:///Users/yamilasusta/Library/Application%20Support/iPhone%20Simulator/7.0.3/Applications/3428B56F-06DD-43D8-BC74-A9D8DC2D4B8B/HypeM.app/www/index.html#/
2013-12-31 18:35:28.168 HypeM[55329:80b] {"mediaid":"21dvb","artist":"Lorde","title":"Ribs (Ryan Hemsworth's Let’s Have A Sleepover Version)","dateposted":1388088892,"siteid":4436,"sitename":"Consequence of Sound","posturl":"http://consequenceofsound.net/2013/12/listen-ryan-hemsworth-remixes-beyonce-lorde-and-danny-brown/","postid":2382526,"loved_count":5080,"posted_count":6,"thumb_url":"http://static.hypem.net/thumbs_new/be/2382526.jpg","thumb_url_medium":"http://static.hypem.net/thumbs_new/be/2382526_120.jpg","thumb_url_large":"http://static.hypem.net/thumbs_new/be/2382526_320.jpg","thumb_url_artist":null,"time":199,"description":"Canadian producer Ryan Hemsworth’s 2013 could be broken up into two arcs: the beginning of the year was chock full of stellar remixes of Outkast, Backstreet Boys, and ASAP Rocky-Britney Spears, while the second focused on releasing his own music via his d","itunes_link":"http://hypem.com/go/itunes_search/Lorde","url":"http://api.soundcloud.com/tracks/126602145/stream?consumer_key=nH8p0jYOkoVEZgJukRlG6w"}
2013-12-31 18:35:28.603 HypeM[55329:80b] setting movie path: http://api.soundcloud.com/tracks/126602145/stream?consumer_key=nH8p0jYOkoVEZgJukRlG6w
2013-12-31 18:35:28.607 HypeM[55329:80b] setting movie path: 
2013-12-31 18:35:28.608 HypeM[55329:80b] setting movie path: http://api.soundcloud.com/tracks/126602145/stream?consumer_key=nH8p0jYOkoVEZgJukRlG6w
2013-12-31 18:35:33.218 HypeM[55329:80b] {"mediaid":"1xzae","artist":"Tech N9ne","title":"Fragile (feat. Kendrick Lamar, MAYDAY! & Kendall Morgan)","dateposted":1374430450,"siteid":10070,"sitename":"Hilly Dilly","posturl":"http://www.hillydilly.com/2013/07/songs-of-the-week-july-15th-july-21st/","postid":2247299,"loved_count":17631,"posted_count":16,"thumb_url":"http://static.hypem.net/thumbs_new/d8/2383064.jpg","thumb_url_medium":"http://static.hypem.net/thumbs_new/d8/2383064_120.jpg","thumb_url_large":"http://static.hypem.net/thumbs_new/d8/2383064_320.jpg","thumb_url_artist":null,"time":240,"description":"Featuring new music from SOL, Robby Hunter Band, St. Lucia, Tech N9ne, Mayer Hawthorne, The Preatures, POLICIA, & DJ Snake x AlunaGeorge. PLAY ALL SONGS ► II Sol Jump In Before Macklemore blew up he had \"Can't Hold Us\" that allowed us to foresee his immin","itunes_link":"http://hypem.com/go/itunes_search/Tech%20N9ne","url":"http://api.soundcloud.com/tracks/101341764/stream?consumer_key=nH8p0jYOkoVEZgJukRlG6w"}
2013-12-31 18:35:33.234 HypeM[55329:80b] setting movie path: 
2013-12-31 18:35:33.755 HypeM[55329:80b] setting movie path: http://api.soundcloud.com/tracks/101341764/stream?consumer_key=nH8p0jYOkoVEZgJukRlG6w
2013-12-31 18:35:33.757 HypeM[55329:80b] setting movie path: 
2013-12-31 18:35:33.759 HypeM[55329:80b] setting movie path: http://api.soundcloud.com/tracks/101341764/stream?consumer_key=nH8p0jYOkoVEZgJukRlG6w
2013-12-31 18:35:39.869 HypeM[55329:80b] {"mediaid":"20rvx","artist":"José González","title":"Step Out","dateposted":1386711992,"siteid":10819,"sitename":"the burning ear","posturl":"http://www.theburningear.com/2013/12/jose-gonzalez-step-out-ft-st-vincent/","postid":2375362,"loved_count":5669,"posted_count":6,"thumb_url":"http://static.hypem.net/thumbs_new/c2/2375362.jpg","thumb_url_medium":"http://static.hypem.net/thumbs_new/c2/2375362_120.jpg","thumb_url_large":"http://static.hypem.net/thumbs_new/3e/2369086_320.jpg","thumb_url_artist":null,"time":242,"description":"If you have seen the trailer for The Secret Life of Walter Mitty then you will definitely remember some of the visuals… and hopefully this song as well. The film is going to be a pretty epic chunk of eye candy but I have a feeling that the soundtrack by t","itunes_link":"http://hypem.com/go/itunes_search/José%20González","url":"http://api.soundcloud.com/tracks/120152994/stream?consumer_key=nH8p0jYOkoVEZgJukRlG6w"}
2013-12-31 18:35:39.887 HypeM[55329:80b] setting movie path: 
2013-12-31 18:35:40.444 HypeM[55329:80b] setting movie path: http://api.soundcloud.com/tracks/120152994/stream?consumer_key=nH8p0jYOkoVEZgJukRlG6w
2013-12-31 18:35:40.446 HypeM[55329:80b] setting movie path: 
2013-12-31 18:35:40.448 HypeM[55329:80b] setting movie path: http://api.soundcloud.com/tracks/120152994/stream?consumer_key=nH8p0jYOkoVEZgJukRlG6w
2013-12-31 18:36:46.527 HypeM[55329:80b] {"mediaid":"21d2d","artist":"Avicii","title":"You Make Me (Throttle Remix)","dateposted":1388374960,"siteid":16492,"sitename":"Earbuddy","posturl":"http://www.earbuddy.net/40282/avicii-make-throttle-remix.html/streams","postid":2383289,"loved_count":2838,"posted_count":4,"thumb_url":"http://static.hypem.net/thumbs_new/b9/2383289.jpg","thumb_url_medium":"http://static.hypem.net/thumbs_new/b9/2383289_120.jpg","thumb_url_large":"http://static.hypem.net/thumbs_new/7/2382855_320.jpg","thumb_url_artist":null,"time":286,"description":"There’s no doubt that Avicii has given plenty of DJs and producers plenty of opportunities to work this year. How many remixes have we heard already? I will venture a guess of 500...","itunes_link":"http://hypem.com/go/itunes_search/Avicii","url":"http://api.soundcloud.com/tracks/126292923/stream?consumer_key=nH8p0jYOkoVEZgJukRlG6w"}
2013-12-31 18:36:46.542 HypeM[55329:80b] setting movie path: 
2013-12-31 18:36:47.073 HypeM[55329:80b] setting movie path: http://api.soundcloud.com/tracks/126292923/stream?consumer_key=nH8p0jYOkoVEZgJukRlG6w
2013-12-31 18:36:47.075 HypeM[55329:80b] setting movie path: 
2013-12-31 18:36:47.077 HypeM[55329:80b] setting movie path: http://api.soundcloud.com/tracks/126292923/stream?consumer_key=nH8p0jYOkoVEZgJukRlG6w
2013-12-31 18:40:40.764 HypeM[55329:883f] 18:40:40.764 WARNING:   235: Default audio device changed. Restart the simulator to have it use the newly-selected device.
2013-12-31 18:40:40.769 HypeM[55329:9367] 18:40:40.769 WARNING:   235: Default audio device changed. Restart the simulator to have it use the newly-selected device.
2013-12-31 18:40:40.871 HypeM[55329:952b] 18:40:40.871 WARNING:   235: Default audio device changed. Restart the simulator to have it use the newly-selected device.
Terminating in response to SpringBoard's termination.
2013-12-31 18:47:40.561 HypeM[57016:80b] Multi-tasking -> Device: YES, App: YES
2013-12-31 18:47:40.569 HypeM[57016:80b] Unlimited access to network resources
2013-12-31 18:47:40.744 HypeM[57016:80b] Resetting plugins due to page load.
2013-12-31 18:47:40.960 HypeM[57016:80b] setting movie path: 
2013-12-31 18:47:41.116 HypeM[57016:80b] Finished load of: file:///Users/yamilasusta/Library/Application%20Support/iPhone%20Simulator/7.0.3/Applications/3428B56F-06DD-43D8-BC74-A9D8DC2D4B8B/HypeM.app/www/index.html#/
2013-12-31 18:47:42.024 HypeM[57016:80b] {"mediaid":"21dvb","artist":"Lorde","title":"Ribs (Ryan Hemsworth's Let’s Have A Sleepover Version)","dateposted":1388280501,"siteid":19978,"sitename":"Don't Need No Melody","posturl":"http://dontneednomelody.com/2013/12/28/new-lorde-ribs-ryan-hemsworth-lets-have-a-sleepover-version/","postid":2383072,"loved_count":5102,"posted_count":6,"thumb_url":"http://static.hypem.net/thumbs_new/e0/2383072.jpg","thumb_url_medium":"http://static.hypem.net/thumbs_new/e0/2383072_120.jpg","thumb_url_large":"http://static.hypem.net/thumbs_new/e0/2383072_320.jpg","thumb_url_artist":null,"time":199,"description":"This does 10 times more for me than any Lorde original. The way he pulls apart the layers is brilliant.","itunes_link":"http://hypem.com/go/itunes_search/Lorde","url":"http://api.soundcloud.com/tracks/126602145/stream?consumer_key=nH8p0jYOkoVEZgJukRlG6w"}
2013-12-31 18:47:42.470 HypeM[57016:80b] setting movie path: http://api.soundcloud.com/tracks/126602145/stream?consumer_key=nH8p0jYOkoVEZgJukRlG6w
2013-12-31 18:47:42.474 HypeM[57016:80b] setting movie path: 
2013-12-31 18:47:42.476 HypeM[57016:80b] setting movie path: http://api.soundcloud.com/tracks/126602145/stream?consumer_key=nH8p0jYOkoVEZgJukRlG6w
2013-12-31 18:47:47.282 HypeM[57016:80b] {"mediaid":"1xzae","artist":"Tech N9ne","title":"Fragile (feat. Kendrick Lamar, MAYDAY! & Kendall Morgan)","dateposted":1381848163,"siteid":11626,"sitename":"Indie Shuffle","posturl":"http://www.indieshuffle.com/tech-n9ne-fragile-ft-kendrick-lamar/","postid":2333567,"loved_count":17645,"posted_count":16,"thumb_url":"http://static.hypem.net/thumbs_new/7f/2333567.jpg","thumb_url_medium":"http://static.hypem.net/thumbs_new/7f/2333567_120.jpg","thumb_url_large":"http://static.hypem.net/thumbs_new/d8/2383064_320.jpg","thumb_url_artist":null,"time":240,"description":"Visit Indie Shuffle to download. Sounds like: ¡MAYDAY!, Ab-Soul, Twista Song: Tech N9ne - Fragile (Ft. Kendrick Lamar) [download here] What's so good? Featuring the lyrical conviction of Tech N9ne and the revered rap genius of Kendrick Lamar, there’s no d","itunes_link":"http://hypem.com/go/itunes_search/Tech%20N9ne","url":"http://api.soundcloud.com/tracks/101341764/stream?consumer_key=nH8p0jYOkoVEZgJukRlG6w"}
2013-12-31 18:47:47.298 HypeM[57016:80b] setting movie path: 
2013-12-31 18:47:47.834 HypeM[57016:80b] setting movie path: http://api.soundcloud.com/tracks/101341764/stream?consumer_key=nH8p0jYOkoVEZgJukRlG6w
2013-12-31 18:47:47.837 HypeM[57016:80b] setting movie path: 
2013-12-31 18:47:47.838 HypeM[57016:80b] setting movie path: http://api.soundcloud.com/tracks/101341764/stream?consumer_key=nH8p0jYOkoVEZgJukRlG6w
2013-12-31 18:48:26.189 HypeM[57758:80b] Multi-tasking -> Device: YES, App: YES
2013-12-31 18:48:26.198 HypeM[57758:80b] Unlimited access to network resources
2013-12-31 18:48:26.363 HypeM[57758:80b] Resetting plugins due to page load.
2013-12-31 18:48:26.614 HypeM[57758:80b] setting movie path: 
2013-12-31 18:48:26.735 HypeM[57758:80b] Finished load of: file:///Users/yamilasusta/Library/Application%20Support/iPhone%20Simulator/7.0.3/Applications/3428B56F-06DD-43D8-BC74-A9D8DC2D4B8B/HypeM.app/www/index.html#/
2013-12-31 18:48:27.388 HypeM[57758:80b] {"mediaid":"21dvb","artist":"Lorde","title":"Ribs (Ryan Hemsworth's Let’s Have A Sleepover Version)","dateposted":1388262937,"siteid":10070,"sitename":"Hillydilly","posturl":"http://www.hillydilly.com/2013/12/lorde-ribs-ryan-hemsworths-lets-have-a-sleepover-version/","postid":2383021,"loved_count":5103,"posted_count":6,"thumb_url":"http://static.hypem.net/thumbs_new/8c/2383244.jpg","thumb_url_medium":"http://static.hypem.net/thumbs_new/8c/2383244_120.jpg","thumb_url_large":"http://static.hypem.net/thumbs_new/8c/2383244_320.jpg","thumb_url_artist":null,"time":199,"description":"It’s been a huge year for Halifax’s Ryan Hemsworth, aka Mr. Steal Your Wifi, aka Internet Zack Morris, aka Remix Ryan Gosling (the list goes on, really). After releasing his debut LP, Guilt Trips, earlier this year, Hemsworth tops off 2013, and thanks his","itunes_link":"http://hypem.com/go/itunes_search/Lorde","url":"http://api.soundcloud.com/tracks/126602145/stream?consumer_key=nH8p0jYOkoVEZgJukRlG6w"}
2013-12-31 18:48:27.752 HypeM[57758:80b] setting movie path: http://api.soundcloud.com/tracks/126602145/stream?consumer_key=nH8p0jYOkoVEZgJukRlG6w
2013-12-31 18:48:27.756 HypeM[57758:80b] setting movie path: 
2013-12-31 18:48:27.758 HypeM[57758:80b] setting movie path: http://api.soundcloud.com/tracks/126602145/stream?consumer_key=nH8p0jYOkoVEZgJukRlG6w
2013-12-31 18:49:16.979 HypeM[57758:4a13] 18:49:16.979 WARNING:   235: Default audio device changed. Restart the simulator to have it use the newly-selected device.
2013-12-31 18:49:16.980 HypeM[57758:4a13] 18:49:16.980 WARNING:   235: Default audio device changed. Restart the simulator to have it use the newly-selected device.
2013-12-31 18:49:17.082 HypeM[57758:4a13] 18:49:17.082 WARNING:   235: Default audio device changed. Restart the simulator to have it use the newly-selected device.
2013-12-31 18:59:22.541 HypeM[59347:80b] Multi-tasking -> Device: YES, App: YES
2013-12-31 18:59:22.550 HypeM[59347:80b] Unlimited access to network resources
2013-12-31 18:59:22.717 HypeM[59347:80b] Resetting plugins due to page load.
2013-12-31 18:59:23.005 HypeM[59347:80b] setting movie path: 
2013-12-31 18:59:23.113 HypeM[59347:80b] Finished load of: file:///Users/yamilasusta/Library/Application%20Support/iPhone%20Simulator/7.0.3/Applications/3428B56F-06DD-43D8-BC74-A9D8DC2D4B8B/HypeM.app/www/index.html#/
2013-12-31 18:59:23.852 HypeM[59347:80b] {"mediaid":"21dvb","artist":"Lorde","title":"Ribs (Ryan Hemsworth's Let’s Have A Sleepover Version)","dateposted":1388371777,"siteid":16373,"sitename":"Your Music Radar","posturl":"http://www.yourmusicradar.com/lorde-ribs-ryan-hemsworths-lets-have-a-sleepover-version/","postid":2383281,"loved_count":5119,"posted_count":6,"thumb_url":"http://static.hypem.net/thumbs_new/b1/2383281.jpg","thumb_url_medium":"http://static.hypem.net/thumbs_new/b1/2383281_120.jpg","thumb_url_large":"http://static.hypem.net/thumbs_new/b1/2383281_320.jpg","thumb_url_artist":null,"time":199,"description":"We posted this track in the full suite of unreleased remixes from Ryan Hemsworth (HERE) but we felt that this specific remix deserved another post all on its own. It’s a stellar mix of a class track that turns out to be better than the original. Give this","itunes_link":"http://hypem.com/go/itunes_search/Lorde","url":"http://api.soundcloud.com/tracks/126602145/stream?consumer_key=nH8p0jYOkoVEZgJukRlG6w"}
2013-12-31 18:59:24.322 HypeM[59347:80b] setting movie path: http://api.soundcloud.com/tracks/126602145/stream?consumer_key=nH8p0jYOkoVEZgJukRlG6w
2013-12-31 18:59:24.326 HypeM[59347:80b] setting movie path: 
2013-12-31 18:59:24.328 HypeM[59347:80b] setting movie path: http://api.soundcloud.com/tracks/126602145/stream?consumer_key=nH8p0jYOkoVEZgJukRlG6w
2013-12-31 18:59:27.808 HypeM[59347:80b] {"mediaid":"1xzae","artist":"Tech N9ne","title":"Fragile (feat. Kendrick Lamar, MAYDAY! & Kendall Morgan)","dateposted":1374431329,"siteid":10739,"sitename":"The Music Ninja","posturl":"http://www.themusicninja.com/the-hip-hop-dojo-vol-14/","postid":2247302,"loved_count":17661,"posted_count":16,"thumb_url":"http://static.hypem.net/thumbs_new/86/2247302.jpg","thumb_url_medium":"http://static.hypem.net/thumbs_new/86/2247302_120.jpg","thumb_url_large":"http://static.hypem.net/thumbs_new/d8/2383064_320.jpg","thumb_url_artist":null,"time":240,"description":"After way too many delays, I finally present to you the fourteenth edition of The Hip-Hop Dojo. These playlists keep getting larger and larger, which is really a good sign for the state of hip-hop, as it means there’s way too much quality material for me ","itunes_link":"http://hypem.com/go/itunes_search/Tech%20N9ne","url":"http://api.soundcloud.com/tracks/101341764/stream?consumer_key=nH8p0jYOkoVEZgJukRlG6w"}
2013-12-31 18:59:27.819 HypeM[59347:80b] setting movie path: 
2013-12-31 18:59:28.286 HypeM[59347:80b] setting movie path: http://api.soundcloud.com/tracks/101341764/stream?consumer_key=nH8p0jYOkoVEZgJukRlG6w
2013-12-31 18:59:28.288 HypeM[59347:80b] setting movie path: 
2013-12-31 18:59:28.290 HypeM[59347:80b] setting movie path: http://api.soundcloud.com/tracks/101341764/stream?consumer_key=nH8p0jYOkoVEZgJukRlG6w
Terminating in response to SpringBoard's termination.
2013-12-31 19:15:43.933 HypeM[60813:80b] Multi-tasking -> Device: YES, App: YES
2013-12-31 19:15:43.944 HypeM[60813:80b] Unlimited access to network resources
2013-12-31 19:15:44.105 HypeM[60813:80b] Resetting plugins due to page load.
2013-12-31 19:15:44.432 HypeM[60813:80b] setting movie path: 
2013-12-31 19:15:44.691 HypeM[60813:80b] Finished load of: file:///Users/yamilasusta/Library/Application%20Support/iPhone%20Simulator/7.0.3/Applications/3428B56F-06DD-43D8-BC74-A9D8DC2D4B8B/HypeM.app/www/index.html#/
2013-12-31 19:15:45.400 HypeM[60813:80b] {"mediaid":"21dvb","artist":"Lorde","title":"Ribs (Ryan Hemsworth's Let’s Have A Sleepover Version)","dateposted":1388371777,"siteid":16373,"sitename":"Your Music Radar","posturl":"http://www.yourmusicradar.com/lorde-ribs-ryan-hemsworths-lets-have-a-sleepover-version/","postid":2383281,"loved_count":5143,"posted_count":6,"thumb_url":"http://static.hypem.net/thumbs_new/b1/2383281.jpg","thumb_url_medium":"http://static.hypem.net/thumbs_new/b1/2383281_120.jpg","thumb_url_large":"http://static.hypem.net/thumbs_new/b1/2383281_320.jpg","thumb_url_artist":null,"time":199,"description":"We posted this track in the full suite of unreleased remixes from Ryan Hemsworth (HERE) but we felt that this specific remix deserved another post all on its own. It’s a stellar mix of a class track that turns out to be better than the original. Give this","itunes_link":"http://hypem.com/go/itunes_search/Lorde","url":"http://api.soundcloud.com/tracks/126602145/stream?consumer_key=nH8p0jYOkoVEZgJukRlG6w"}
2013-12-31 19:15:46.043 HypeM[60813:80b] setting movie path: http://api.soundcloud.com/tracks/126602145/stream?consumer_key=nH8p0jYOkoVEZgJukRlG6w
2013-12-31 19:15:46.049 HypeM[60813:80b] setting movie path: 
2013-12-31 19:15:46.050 HypeM[60813:80b] setting movie path: http://api.soundcloud.com/tracks/126602145/stream?consumer_key=nH8p0jYOkoVEZgJukRlG6w
Terminating in response to SpringBoard's termination.
2013-12-31 19:17:19.987 HypeM[61549:80b] Multi-tasking -> Device: YES, App: YES
2013-12-31 19:17:19.996 HypeM[61549:80b] Unlimited access to network resources
2013-12-31 19:17:20.173 HypeM[61549:80b] Resetting plugins due to page load.
2013-12-31 19:17:20.440 HypeM[61549:80b] setting movie path: 
2013-12-31 19:17:20.537 HypeM[61549:80b] Finished load of: file:///Users/yamilasusta/Library/Application%20Support/iPhone%20Simulator/7.0.3/Applications/3428B56F-06DD-43D8-BC74-A9D8DC2D4B8B/HypeM.app/www/index.html#/
2013-12-31 19:17:21.400 HypeM[61549:80b] {"mediaid":"21dvb","artist":"Lorde","title":"Ribs (Ryan Hemsworth's Let’s Have A Sleepover Version)","dateposted":1388088892,"siteid":4436,"sitename":"Consequence of Sound","posturl":"http://consequenceofsound.net/2013/12/listen-ryan-hemsworth-remixes-beyonce-lorde-and-danny-brown/","postid":2382526,"loved_count":5146,"posted_count":6,"thumb_url":"http://static.hypem.net/thumbs_new/be/2382526.jpg","thumb_url_medium":"http://static.hypem.net/thumbs_new/be/2382526_120.jpg","thumb_url_large":"http://static.hypem.net/thumbs_new/be/2382526_320.jpg","thumb_url_artist":null,"time":199,"description":"Canadian producer Ryan Hemsworth’s 2013 could be broken up into two arcs: the beginning of the year was chock full of stellar remixes of Outkast, Backstreet Boys, and ASAP Rocky-Britney Spears, while the second focused on releasing his own music via his d","itunes_link":"http://hypem.com/go/itunes_search/Lorde","url":"http://api.soundcloud.com/tracks/126602145/stream?consumer_key=nH8p0jYOkoVEZgJukRlG6w"}
2013-12-31 19:17:21.785 HypeM[61549:80b] setting movie path: http://api.soundcloud.com/tracks/126602145/stream?consumer_key=nH8p0jYOkoVEZgJukRlG6w
2013-12-31 19:17:21.789 HypeM[61549:80b] setting movie path: 
2013-12-31 19:17:21.791 HypeM[61549:80b] setting movie path: http://api.soundcloud.com/tracks/126602145/stream?consumer_key=nH8p0jYOkoVEZgJukRlG6w
2013-12-31 19:32:08.738 HypeM[62539:80b] Multi-tasking -> Device: YES, App: YES
2013-12-31 19:32:08.748 HypeM[62539:80b] Unlimited access to network resources
2013-12-31 19:32:08.883 HypeM[62539:80b] Resetting plugins due to page load.
2013-12-31 19:32:09.132 HypeM[62539:80b] setting movie path: 
2013-12-31 19:32:09.327 HypeM[62539:80b] Finished load of: file:///Users/yamilasusta/Library/Application%20Support/iPhone%20Simulator/7.0.3/Applications/3428B56F-06DD-43D8-BC74-A9D8DC2D4B8B/HypeM.app/www/index.html#/
2013-12-31 19:32:10.659 HypeM[62539:80b] {"mediaid":"21dvb","artist":"Lorde","title":"Ribs (Ryan Hemsworth's Let’s Have A Sleepover Version)","dateposted":1388088892,"siteid":4436,"sitename":"Consequence of Sound","posturl":"http://consequenceofsound.net/2013/12/listen-ryan-hemsworth-remixes-beyonce-lorde-and-danny-brown/","postid":2382526,"loved_count":5174,"posted_count":6,"thumb_url":"http://static.hypem.net/thumbs_new/be/2382526.jpg","thumb_url_medium":"http://static.hypem.net/thumbs_new/be/2382526_120.jpg","thumb_url_large":"http://static.hypem.net/thumbs_new/be/2382526_320.jpg","thumb_url_artist":null,"time":199,"description":"Canadian producer Ryan Hemsworth’s 2013 could be broken up into two arcs: the beginning of the year was chock full of stellar remixes of Outkast, Backstreet Boys, and ASAP Rocky-Britney Spears, while the second focused on releasing his own music via his d","itunes_link":"http://hypem.com/go/itunes_search/Lorde","url":"http://api.soundcloud.com/tracks/126602145/stream?consumer_key=nH8p0jYOkoVEZgJukRlG6w"}
2013-12-31 19:32:11.181 HypeM[62539:80b] setting movie path: http://api.soundcloud.com/tracks/126602145/stream?consumer_key=nH8p0jYOkoVEZgJukRlG6w
2013-12-31 19:32:11.186 HypeM[62539:80b] setting movie path: 
2013-12-31 19:32:11.188 HypeM[62539:80b] setting movie path: http://api.soundcloud.com/tracks/126602145/stream?consumer_key=nH8p0jYOkoVEZgJukRlG6w
2013-12-31 19:32:56.649 HypeM[62539:6c03] 19:32:56.649 WARNING:   235: Default audio device changed. Restart the simulator to have it use the newly-selected device.
2013-12-31 19:32:56.654 HypeM[62539:6c03] 19:32:56.654 WARNING:   235: Default audio device changed. Restart the simulator to have it use the newly-selected device.
2013-12-31 19:32:56.750 HypeM[62539:e00b] 19:32:56.750 WARNING:   235: Default audio device changed. Restart the simulator to have it use the newly-selected device.
Terminating in response to SpringBoard's termination.
2014-01-19 20:55:30.152 HypeM[4291:80b] Multi-tasking -> Device: YES, App: YES
2014-01-19 20:55:30.177 HypeM[4291:80b] Unlimited access to network resources
2014-01-19 20:55:30.571 HypeM[4291:80b] Resetting plugins due to page load.
2014-01-19 20:55:30.995 HypeM[4291:80b] setting movie path: 
2014-01-19 20:55:31.128 HypeM[4291:80b] Finished load of: file:///Users/yamilasusta/Library/Application%20Support/iPhone%20Simulator/7.0.3/Applications/3428B56F-06DD-43D8-BC74-A9D8DC2D4B8B/HypeM.app/www/index.html#/
2014-01-19 20:57:10.980 HypeM[5196:80b] Multi-tasking -> Device: YES, App: YES
2014-01-19 20:57:10.989 HypeM[5196:80b] Unlimited access to network resources
2014-01-19 20:57:11.143 HypeM[5196:80b] Resetting plugins due to page load.
2014-01-19 20:57:11.411 HypeM[5196:80b] setting movie path: 
2014-01-19 20:57:11.517 HypeM[5196:80b] Finished load of: file:///Users/yamilasusta/Library/Application%20Support/iPhone%20Simulator/7.0.3/Applications/3428B56F-06DD-43D8-BC74-A9D8DC2D4B8B/HypeM.app/www/index.html#/
2014-01-19 21:03:53.747 HypeM[6182:80b] Multi-tasking -> Device: YES, App: YES
2014-01-19 21:03:53.756 HypeM[6182:80b] Unlimited access to network resources
2014-01-19 21:03:53.933 HypeM[6182:80b] Resetting plugins due to page load.
2014-01-19 21:03:54.215 HypeM[6182:80b] setting movie path: 
2014-01-19 21:03:54.378 HypeM[6182:80b] Finished load of: file:///Users/yamilasusta/Library/Application%20Support/iPhone%20Simulator/7.0.3/Applications/3428B56F-06DD-43D8-BC74-A9D8DC2D4B8B/HypeM.app/www/index.html#/
2014-01-19 21:03:56.289 HypeM[6182:80b] {"mediaid":"20y0f","artist":"Clean Bandit","title":"Rather Be Feat. Jess Glynne","dateposted":1386192531,"siteid":19978,"sitename":"Don't Need No Melody","posturl":"http://dontneednomelody.com/2013/12/04/new-clean-bandit-rather-be-feat-jess-glynne/","postid":2372130,"loved_count":3316,"posted_count":12,"thumb_url":"http://static.hypem.net/thumbs_new/22/2372130.jpg","thumb_url_medium":"http://static.hypem.net/thumbs_new/22/2372130_120.jpg","thumb_url_large":"http://static.hypem.net/thumbs_new/22/2372130_320.jpg","thumb_url_artist":null,"time":228,"description":"Spoiler Alert! DNNM favorites Clean Bandit are very high on my list of acts to watch in 2014. That playlist will be coming out shortly, but back to what is most important. “When I am with you, there’s no place I’d rather be” They have a new song out! The ","itunes_link":"http://hypem.com/go/itunes_search/Clean%20Bandit","url":"http://api.soundcloud.com/tracks/123173738/stream?consumer_key=nH8p0jYOkoVEZgJukRlG6w"}
2014-01-19 21:03:58.602 HypeM[6182:80b] setting movie path: http://api.soundcloud.com/tracks/123173738/stream?consumer_key=nH8p0jYOkoVEZgJukRlG6w
2014-01-19 21:03:58.608 HypeM[6182:80b] setting movie path: 
2014-01-19 21:03:58.610 HypeM[6182:80b] setting movie path: http://api.soundcloud.com/tracks/123173738/stream?consumer_key=nH8p0jYOkoVEZgJukRlG6w
2014-01-19 21:04:03.773 HypeM[6182:80b] Took background task assertion (6) for playback stall
2014-01-19 21:04:03.830 HypeM[6182:80b] Took background task assertion (7) for playback stall
2014-01-19 21:04:03.874 HypeM[6182:80b] Ending background task assertion (6) for playback stall
2014-01-19 21:14:26.907 HypeM[7214:80b] Multi-tasking -> Device: YES, App: YES
2014-01-19 21:14:26.915 HypeM[7214:80b] Unlimited access to network resources
2014-01-19 21:14:27.081 HypeM[7214:80b] Resetting plugins due to page load.
2014-01-19 21:14:27.318 HypeM[7214:80b] setting movie path: 
2014-01-19 21:14:27.391 HypeM[7214:80b] Finished load of: file:///Users/yamilasusta/Library/Application%20Support/iPhone%20Simulator/7.0.3/Applications/3428B56F-06DD-43D8-BC74-A9D8DC2D4B8B/HypeM.app/www/index.html#/
2014-01-19 21:14:28.191 HypeM[7214:80b] {"mediaid":"20y0f","artist":"Clean Bandit","title":"Rather Be Feat. Jess Glynne","dateposted":1389294860,"siteid":15130,"sitename":"J(am) of the Day","posturl":"http://joftheday.com/post/72772346632/rather-be-clean-bandit-feat-jess-glynne","postid":2387717,"loved_count":3337,"posted_count":12,"thumb_url":"http://static.hypem.net/thumbs_new/5/2387717.jpg","thumb_url_medium":"http://static.hypem.net/thumbs_new/5/2387717_120.jpg","thumb_url_large":"http://static.hypem.net/thumbs_new/17/2390295_320.jpg","thumb_url_artist":null,"time":228,"description":"Band to watch, band to watch! Not only do these guys make great music, but they’re total...","itunes_link":"http://hypem.com/go/itunes_search/Clean%20Bandit","url":"http://api.soundcloud.com/tracks/123173738/stream?consumer_key=nH8p0jYOkoVEZgJukRlG6w"}
2014-01-19 21:14:28.535 HypeM[7214:80b] setting movie path: http://api.soundcloud.com/tracks/123173738/stream?consumer_key=nH8p0jYOkoVEZgJukRlG6w
2014-01-19 21:14:28.539 HypeM[7214:80b] setting movie path: 
2014-01-19 21:14:28.541 HypeM[7214:80b] setting movie path: http://api.soundcloud.com/tracks/123173738/stream?consumer_key=nH8p0jYOkoVEZgJukRlG6w
2014-01-27 09:21:18.828 HypeM[55345:80b] Multi-tasking -> Device: YES, App: YES
2014-01-27 09:21:18.879 HypeM[55345:80b] Unlimited access to network resources
2014-01-27 09:21:19.231 HypeM[55345:80b] Resetting plugins due to page load.
2014-01-27 09:21:19.519 HypeM[55345:80b] setting movie path: 
2014-01-27 09:21:19.607 HypeM[55345:80b] Finished load of: file:///Users/yamilasusta/Library/Application%20Support/iPhone%20Simulator/7.0.3/Applications/3428B56F-06DD-43D8-BC74-A9D8DC2D4B8B/HypeM.app/www/index.html#/
